Hmm ... looks like a package
Converting parsed Rd's to LaTeX ..
Creating pdf output from LaTeX ...

This is pdfTeX, Version 3.141592653-2.6-1.40.22 (TeX Live 2021) (preloaded format=pdflatex)
 restricted \write18 enabled.
entering extended mode
LaTeX2e <2020-10-01> patch level 4
L3 programming layer <2021-02-18> (./Rd2.tex
(/usr/local/texlive/2021/texmf-dist/tex/latex/base/book.cls
Document Class: book 2020/04/10 v1.4m Standard LaTeX document class
(/usr/local/texlive/2021/texmf-dist/tex/latex/base/bk10.clo))
(/Library/Frameworks/R.framework/Resources/share/texmf/tex/latex/Rd.sty
(/usr/local/texlive/2021/texmf-dist/tex/latex/base/ifthen.sty)
(/usr/local/texlive/2021/texmf-dist/tex/generic/iftex/iftex.sty)
(/usr/local/texlive/2021/texmf-dist/tex/latex/tools/longtable.sty)
(/usr/local/texlive/2021/texmf-dist/tex/latex/tools/bm.sty)
(/usr/local/texlive/2021/texmf-dist/tex/latex/base/alltt.sty)
(/usr/local/texlive/2021/texmf-dist/tex/latex/tools/verbatim.sty)
(/usr/local/texlive/2021/texmf-dist/tex/latex/url/url.sty)
(/usr/local/texlive/2021/texmf-dist/tex/latex/base/textcomp.sty)
(/usr/local/texlive/2021/texmf-dist/tex/latex/amsmath/amsmath.sty
For additional information on amsmath, use the `?' option.
(/usr/local/texlive/2021/texmf-dist/tex/latex/amsmath/amstext.sty
(/usr/local/texlive/2021/texmf-dist/tex/latex/amsmath/amsgen.sty))
(/usr/local/texlive/2021/texmf-dist/tex/latex/amsmath/amsbsy.sty)
(/usr/local/texlive/2021/texmf-dist/tex/latex/amsmath/amsopn.sty))
(/usr/local/texlive/2021/texmf-dist/tex/latex/amsfonts/amsfonts.sty)
(/usr/local/texlive/2021/texmf-dist/tex/latex/amsfonts/amssymb.sty)
(/usr/local/texlive/2021/texmf-dist/tex/latex/jknapltx/mathrsfs.sty)
(/usr/local/texlive/2021/texmf-dist/tex/latex/base/fontenc.sty)
(/usr/local/texlive/2021/texmf-dist/tex/latex/psnfss/times.sty)
(/usr/local/texlive/2021/texmf-dist/tex/latex/inconsolata/zi4.sty
`inconsolata-zi4' v1.12, 2019/05/17 Text macros for Inconsolata (msharpe)
(/usr/local/texlive/2021/texmf-dist/tex/latex/xkeyval/xkeyval.sty
(/usr/local/texlive/2021/texmf-dist/tex/generic/xkeyval/xkeyval.tex
(/usr/local/texlive/2021/texmf-dist/tex/generic/xkeyval/xkvutils.tex
(/usr/local/texlive/2021/texmf-dist/tex/generic/xkeyval/keyval.tex)))))
(/usr/local/texlive/2021/texmf-dist/tex/latex/graphics/color.sty
(/usr/local/texlive/2021/texmf-dist/tex/latex/graphics-cfg/color.cfg)
(/usr/local/texlive/2021/texmf-dist/tex/latex/graphics-def/pdftex.def))
(/usr/local/texlive/2021/texmf-dist/tex/latex/hyperref/hyperref.sty
(/usr/local/texlive/2021/texmf-dist/tex/generic/ltxcmds/ltxcmds.sty)
(/usr/local/texlive/2021/texmf-dist/tex/generic/pdftexcmds/pdftexcmds.sty
(/usr/local/texlive/2021/texmf-dist/tex/generic/infwarerr/infwarerr.sty))
(/usr/local/texlive/2021/texmf-dist/tex/generic/kvsetkeys/kvsetkeys.sty)
(/usr/local/texlive/2021/texmf-dist/tex/generic/kvdefinekeys/kvdefinekeys.sty)
(/usr/local/texlive/2021/texmf-dist/tex/generic/pdfescape/pdfescape.sty)
(/usr/local/texlive/2021/texmf-dist/tex/latex/hycolor/hycolor.sty)
(/usr/local/texlive/2021/texmf-dist/tex/latex/letltxmacro/letltxmacro.sty)
(/usr/local/texlive/2021/texmf-dist/tex/latex/auxhook/auxhook.sty)
(/usr/local/texlive/2021/texmf-dist/tex/latex/kvoptions/kvoptions.sty)
(/usr/local/texlive/2021/texmf-dist/tex/latex/hyperref/pd1enc.def)
(/usr/local/texlive/2021/texmf-dist/tex/latex/hyperref/hyperref-langpatches.def
) (/usr/local/texlive/2021/texmf-dist/tex/generic/intcalc/intcalc.sty)
(/usr/local/texlive/2021/texmf-dist/tex/generic/etexcmds/etexcmds.sty)
(/usr/local/texlive/2021/texmf-dist/tex/latex/hyperref/puenc.def)
(/usr/local/texlive/2021/texmf-dist/tex/generic/bitset/bitset.sty
(/usr/local/texlive/2021/texmf-dist/tex/generic/bigintcalc/bigintcalc.sty))
(/usr/local/texlive/2021/texmf-dist/tex/latex/base/atbegshi-ltx.sty))
(/usr/local/texlive/2021/texmf-dist/tex/latex/hyperref/hpdftex.def
(/usr/local/texlive/2021/texmf-dist/tex/latex/base/atveryend-ltx.sty)
(/usr/local/texlive/2021/texmf-dist/tex/latex/rerunfilecheck/rerunfilecheck.sty

(/usr/local/texlive/2021/texmf-dist/tex/generic/uniquecounter/uniquecounter.sty
)))) (/usr/local/texlive/2021/texmf-dist/tex/latex/base/makeidx.sty)
Writing index file Rd2.idx
(/usr/local/texlive/2021/texmf-dist/tex/latex/psnfss/t1ptm.fd)
(/usr/local/texlive/2021/texmf-dist/tex/latex/l3backend/l3backend-pdftex.def)
No file Rd2.aux.
(/usr/local/texlive/2021/texmf-dist/tex/context/base/mkii/supp-pdf.mkii
[Loading MPS to PDF converter (version 2006.09.02).]
) (/usr/local/texlive/2021/texmf-dist/tex/latex/hyperref/nameref.sty
(/usr/local/texlive/2021/texmf-dist/tex/latex/refcount/refcount.sty)
(/usr/local/texlive/2021/texmf-dist/tex/generic/gettitlestring/gettitlestring.s
ty)) (/usr/local/texlive/2021/texmf-dist/tex/latex/inconsolata/t1zi4.fd)
Overfull \hbox (28.0598pt too wide) in paragraph at lines 21--22
\T1/ptm/m/n/10 realistic dataset. Our manuscript can be found at Thoma, I et al
: <doi.org/10.1371/journal.pdig.0000675>.  
(/usr/local/texlive/2021/texmf-dist/tex/latex/amsfonts/umsa.fd)
(/usr/local/texlive/2021/texmf-dist/tex/latex/amsfonts/umsb.fd)
(/usr/local/texlive/2021/texmf-dist/tex/latex/jknapltx/ursfs.fd) [1{/usr/local/
texlive/2021/texmf-var/fonts/map/pdftex/updmap/pdftex.map}]
Overfull \hbox (1.39984pt too wide) in paragraph at lines 76--76
 []  \T1/zi4/m/n/10 cutoffs = seq(min(scores, na.rm = TRUE), max(scores, na.rm 
= TRUE), length = 100),[] 
[2]
Overfull \hbox (1.39984pt too wide) in paragraph at lines 131--131
 []  \T1/zi4/m/n/10 cutoffs = seq(min(scores, na.rm = TRUE), max(scores, na.rm 
= TRUE), length = 100),[] 
[3] [4] [5] (/usr/local/texlive/2021/texmf-dist/tex/latex/psnfss/ts1ptm.fd)
(/usr/local/texlive/2021/texmf-dist/tex/latex/inconsolata/ts1zi4.fd)
Overfull \hbox (698.92717pt too wide) in paragraph at lines 328--330
[]\T1/ptm/m/n/10 This can be in-ter-preted as: \T1/zi4/m/n/10 the distribution 
of values of Yhat amongst indivdiduals whose values of U  are distributed as th
ough they were in group \eqn{G=g} (and, optionally, had  values \eqn{X=x}, but 
whose value of \eqn{G} is \eqn{g\TS1/zi4/m/n/10 '\T1/zi4/m/n/10 } 
[6]
Overfull \hbox (5.25328pt too wide) in paragraph at lines 387--387
 []\T1/zi4/m/n/9 struct_Yhat=function(u,x,n) (runif(n,0,x) + runif(n,0,u))/2 # 
Yhat|X,N ~ (U(0,X) + U(0,U))/2[] 

Overfull \hbox (15.74715pt too wide) in paragraph at lines 401--401
 []\T1/zi4/m/n/9 #  struct_Yhat=function(u,x,n) (runif(n,0,1) + runif(n,0,u))/2
 # Yhat|X,N ~ (U(0,1) + U(0,U))/2[] 
[7]
Underfull \vbox (badness 10000) has occurred while \output is active [8]
[9] [10] [11] [12] [13] [14] [15] [16] [17] [18] [19] [20] [21] [22] [23]
[24] [25]
No file Rd2.ind.
[26]
(/private/var/folders/tr/sybyd51n7jx27k9mvh563hq80000gq/T/RtmpovOPjU/Rd2pdf548c
427a0f93/Rd2.aux)

Package rerunfilecheck Warning: File `Rd2.out' has changed.
(rerunfilecheck)                Rerun to get outlines right
(rerunfilecheck)                or use package `bookmark'.

 )
(see the transcript file for additional information){/usr/local/texlive/2021/te
xmf-dist/fonts/enc/dvips/inconsolata/i4-ts1.enc}{/usr/local/texlive/2021/texmf-
dist/fonts/enc/dvips/base/8r.enc}{/usr/local/texlive/2021/texmf-dist/fonts/enc/
dvips/inconsolata/i4-t1-0.enc}</usr/local/texlive/2021/texmf-dist/fonts/type1/p
ublic/inconsolata/Inconsolata-zi4r.pfb></usr/local/texlive/2021/texmf-dist/font
s/type1/public/amsfonts/cm/cmmi10.pfb></usr/local/texlive/2021/texmf-dist/fonts
/type1/public/amsfonts/cm/cmmi7.pfb></usr/local/texlive/2021/texmf-dist/fonts/t
ype1/public/amsfonts/cm/cmr10.pfb></usr/local/texlive/2021/texmf-dist/fonts/typ
e1/public/amsfonts/cm/cmsy10.pfb></usr/local/texlive/2021/texmf-dist/fonts/type
1/public/amsfonts/cm/cmsy5.pfb></usr/local/texlive/2021/texmf-dist/fonts/type1/
public/amsfonts/cm/cmsy7.pfb></usr/local/texlive/2021/texmf-dist/fonts/type1/ur
w/times/utmb8a.pfb></usr/local/texlive/2021/texmf-dist/fonts/type1/urw/times/ut
mr8a.pfb></usr/local/texlive/2021/texmf-dist/fonts/type1/urw/times/utmr8a.pfb><
/usr/local/texlive/2021/texmf-dist/fonts/type1/urw/times/utmri8a.pfb>
Output written on Rd2.pdf (26 pages, 169329 bytes).
Transcript written on Rd2.log.
This is makeindex, version 2.15 [TeX Live 2021] (kpathsea + Thai support).
Scanning input file Rd2.idx....done (35 entries accepted, 0 rejected).
Sorting entries....done (175 comparisons).
Generating output file Rd2.ind....done (75 lines written, 0 warnings).
Output written in Rd2.ind.
Transcript written in Rd2.ilg.
This is pdfTeX, Version 3.141592653-2.6-1.40.22 (TeX Live 2021) (preloaded format=pdflatex)
 restricted \write18 enabled.
entering extended mode
LaTeX2e <2020-10-01> patch level 4
L3 programming layer <2021-02-18> (./Rd2.tex
(/usr/local/texlive/2021/texmf-dist/tex/latex/base/book.cls
Document Class: book 2020/04/10 v1.4m Standard LaTeX document class
(/usr/local/texlive/2021/texmf-dist/tex/latex/base/bk10.clo))
(/Library/Frameworks/R.framework/Resources/share/texmf/tex/latex/Rd.sty
(/usr/local/texlive/2021/texmf-dist/tex/latex/base/ifthen.sty)
(/usr/local/texlive/2021/texmf-dist/tex/generic/iftex/iftex.sty)
(/usr/local/texlive/2021/texmf-dist/tex/latex/tools/longtable.sty)
(/usr/local/texlive/2021/texmf-dist/tex/latex/tools/bm.sty)
(/usr/local/texlive/2021/texmf-dist/tex/latex/base/alltt.sty)
(/usr/local/texlive/2021/texmf-dist/tex/latex/tools/verbatim.sty)
(/usr/local/texlive/2021/texmf-dist/tex/latex/url/url.sty)
(/usr/local/texlive/2021/texmf-dist/tex/latex/base/textcomp.sty)
(/usr/local/texlive/2021/texmf-dist/tex/latex/amsmath/amsmath.sty
For additional information on amsmath, use the `?' option.
(/usr/local/texlive/2021/texmf-dist/tex/latex/amsmath/amstext.sty
(/usr/local/texlive/2021/texmf-dist/tex/latex/amsmath/amsgen.sty))
(/usr/local/texlive/2021/texmf-dist/tex/latex/amsmath/amsbsy.sty)
(/usr/local/texlive/2021/texmf-dist/tex/latex/amsmath/amsopn.sty))
(/usr/local/texlive/2021/texmf-dist/tex/latex/amsfonts/amsfonts.sty)
(/usr/local/texlive/2021/texmf-dist/tex/latex/amsfonts/amssymb.sty)
(/usr/local/texlive/2021/texmf-dist/tex/latex/jknapltx/mathrsfs.sty)
(/usr/local/texlive/2021/texmf-dist/tex/latex/base/fontenc.sty)
(/usr/local/texlive/2021/texmf-dist/tex/latex/psnfss/times.sty)
(/usr/local/texlive/2021/texmf-dist/tex/latex/inconsolata/zi4.sty
`inconsolata-zi4' v1.12, 2019/05/17 Text macros for Inconsolata (msharpe)
(/usr/local/texlive/2021/texmf-dist/tex/latex/xkeyval/xkeyval.sty
(/usr/local/texlive/2021/texmf-dist/tex/generic/xkeyval/xkeyval.tex
(/usr/local/texlive/2021/texmf-dist/tex/generic/xkeyval/xkvutils.tex
(/usr/local/texlive/2021/texmf-dist/tex/generic/xkeyval/keyval.tex)))))
(/usr/local/texlive/2021/texmf-dist/tex/latex/graphics/color.sty
(/usr/local/texlive/2021/texmf-dist/tex/latex/graphics-cfg/color.cfg)
(/usr/local/texlive/2021/texmf-dist/tex/latex/graphics-def/pdftex.def))
(/usr/local/texlive/2021/texmf-dist/tex/latex/hyperref/hyperref.sty
(/usr/local/texlive/2021/texmf-dist/tex/generic/ltxcmds/ltxcmds.sty)
(/usr/local/texlive/2021/texmf-dist/tex/generic/pdftexcmds/pdftexcmds.sty
(/usr/local/texlive/2021/texmf-dist/tex/generic/infwarerr/infwarerr.sty))
(/usr/local/texlive/2021/texmf-dist/tex/generic/kvsetkeys/kvsetkeys.sty)
(/usr/local/texlive/2021/texmf-dist/tex/generic/kvdefinekeys/kvdefinekeys.sty)
(/usr/local/texlive/2021/texmf-dist/tex/generic/pdfescape/pdfescape.sty)
(/usr/local/texlive/2021/texmf-dist/tex/latex/hycolor/hycolor.sty)
(/usr/local/texlive/2021/texmf-dist/tex/latex/letltxmacro/letltxmacro.sty)
(/usr/local/texlive/2021/texmf-dist/tex/latex/auxhook/auxhook.sty)
(/usr/local/texlive/2021/texmf-dist/tex/latex/kvoptions/kvoptions.sty)
(/usr/local/texlive/2021/texmf-dist/tex/latex/hyperref/pd1enc.def)
(/usr/local/texlive/2021/texmf-dist/tex/latex/hyperref/hyperref-langpatches.def
) (/usr/local/texlive/2021/texmf-dist/tex/generic/intcalc/intcalc.sty)
(/usr/local/texlive/2021/texmf-dist/tex/generic/etexcmds/etexcmds.sty)
(/usr/local/texlive/2021/texmf-dist/tex/latex/hyperref/puenc.def)
(/usr/local/texlive/2021/texmf-dist/tex/generic/bitset/bitset.sty
(/usr/local/texlive/2021/texmf-dist/tex/generic/bigintcalc/bigintcalc.sty))
(/usr/local/texlive/2021/texmf-dist/tex/latex/base/atbegshi-ltx.sty))
(/usr/local/texlive/2021/texmf-dist/tex/latex/hyperref/hpdftex.def
(/usr/local/texlive/2021/texmf-dist/tex/latex/base/atveryend-ltx.sty)
(/usr/local/texlive/2021/texmf-dist/tex/latex/rerunfilecheck/rerunfilecheck.sty

(/usr/local/texlive/2021/texmf-dist/tex/generic/uniquecounter/uniquecounter.sty
)))) (/usr/local/texlive/2021/texmf-dist/tex/latex/base/makeidx.sty)
Writing index file Rd2.idx
(/usr/local/texlive/2021/texmf-dist/tex/latex/psnfss/t1ptm.fd)
(/usr/local/texlive/2021/texmf-dist/tex/latex/l3backend/l3backend-pdftex.def)
(/private/var/folders/tr/sybyd51n7jx27k9mvh563hq80000gq/T/RtmpovOPjU/Rd2pdf548c
427a0f93/Rd2.aux)
(/usr/local/texlive/2021/texmf-dist/tex/context/base/mkii/supp-pdf.mkii
[Loading MPS to PDF converter (version 2006.09.02).]
) (/usr/local/texlive/2021/texmf-dist/tex/latex/hyperref/nameref.sty
(/usr/local/texlive/2021/texmf-dist/tex/latex/refcount/refcount.sty)
(/usr/local/texlive/2021/texmf-dist/tex/generic/gettitlestring/gettitlestring.s
ty))
(/private/var/folders/tr/sybyd51n7jx27k9mvh563hq80000gq/T/RtmpovOPjU/Rd2pdf548c
427a0f93/Rd2.out)
(/private/var/folders/tr/sybyd51n7jx27k9mvh563hq80000gq/T/RtmpovOPjU/Rd2pdf548c
427a0f93/Rd2.out)
(/usr/local/texlive/2021/texmf-dist/tex/latex/inconsolata/t1zi4.fd)
Overfull \hbox (28.0598pt too wide) in paragraph at lines 21--22
\T1/ptm/m/n/10 realistic dataset. Our manuscript can be found at Thoma, I et al
: <doi.org/10.1371/journal.pdig.0000675>.  
(/usr/local/texlive/2021/texmf-dist/tex/latex/amsfonts/umsa.fd)
(/usr/local/texlive/2021/texmf-dist/tex/latex/amsfonts/umsb.fd)
(/usr/local/texlive/2021/texmf-dist/tex/latex/jknapltx/ursfs.fd)
(/private/var/folders/tr/sybyd51n7jx27k9mvh563hq80000gq/T/RtmpovOPjU/Rd2pdf548c
427a0f93/Rd2.toc [1{/usr/local/texlive/2021/texmf-var/fonts/map/pdftex/updmap/p
dftex.map}]) [2]
Overfull \hbox (1.39984pt too wide) in paragraph at lines 76--76
 []  \T1/zi4/m/n/10 cutoffs = seq(min(scores, na.rm = TRUE), max(scores, na.rm 
= TRUE), length = 100),[] 
[3]
Overfull \hbox (1.39984pt too wide) in paragraph at lines 131--131
 []  \T1/zi4/m/n/10 cutoffs = seq(min(scores, na.rm = TRUE), max(scores, na.rm 
= TRUE), length = 100),[] 
[4] [5] [6] (/usr/local/texlive/2021/texmf-dist/tex/latex/psnfss/ts1ptm.fd)
(/usr/local/texlive/2021/texmf-dist/tex/latex/inconsolata/ts1zi4.fd)
Overfull \hbox (698.92717pt too wide) in paragraph at lines 328--330
[]\T1/ptm/m/n/10 This can be in-ter-preted as: \T1/zi4/m/n/10 the distribution 
of values of Yhat amongst indivdiduals whose values of U  are distributed as th
ough they were in group \eqn{G=g} (and, optionally, had  values \eqn{X=x}, but 
whose value of \eqn{G} is \eqn{g\TS1/zi4/m/n/10 '\T1/zi4/m/n/10 } 
[7]
Overfull \hbox (5.25328pt too wide) in paragraph at lines 387--387
 []\T1/zi4/m/n/9 struct_Yhat=function(u,x,n) (runif(n,0,x) + runif(n,0,u))/2 # 
Yhat|X,N ~ (U(0,X) + U(0,U))/2[] 

Overfull \hbox (15.74715pt too wide) in paragraph at lines 401--401
 []\T1/zi4/m/n/9 #  struct_Yhat=function(u,x,n) (runif(n,0,1) + runif(n,0,u))/2
 # Yhat|X,N ~ (U(0,1) + U(0,U))/2[] 
[8]
Underfull \vbox (badness 10000) has occurred while \output is active [9]
[10] [11] [12] [13] [14] [15] [16] [17] [18] [19] [20] [21] [22] [23] [24]
[25] [26]
(/private/var/folders/tr/sybyd51n7jx27k9mvh563hq80000gq/T/RtmpovOPjU/Rd2pdf548c
427a0f93/Rd2.ind [27] [28])
(/private/var/folders/tr/sybyd51n7jx27k9mvh563hq80000gq/T/RtmpovOPjU/Rd2pdf548c
427a0f93/Rd2.aux)

Package rerunfilecheck Warning: File `Rd2.out' has changed.
(rerunfilecheck)                Rerun to get outlines right
(rerunfilecheck)                or use package `bookmark'.

 )
(see the transcript file for additional information){/usr/local/texlive/2021/te
xmf-dist/fonts/enc/dvips/inconsolata/i4-ts1.enc}{/usr/local/texlive/2021/texmf-
dist/fonts/enc/dvips/base/8r.enc}{/usr/local/texlive/2021/texmf-dist/fonts/enc/
dvips/inconsolata/i4-t1-0.enc}</usr/local/texlive/2021/texmf-dist/fonts/type1/p
ublic/inconsolata/Inconsolata-zi4r.pfb></usr/local/texlive/2021/texmf-dist/font
s/type1/public/amsfonts/cm/cmmi10.pfb></usr/local/texlive/2021/texmf-dist/fonts
/type1/public/amsfonts/cm/cmmi7.pfb></usr/local/texlive/2021/texmf-dist/fonts/t
ype1/public/amsfonts/cm/cmr10.pfb></usr/local/texlive/2021/texmf-dist/fonts/typ
e1/public/amsfonts/cm/cmsy10.pfb></usr/local/texlive/2021/texmf-dist/fonts/type
1/public/amsfonts/cm/cmsy5.pfb></usr/local/texlive/2021/texmf-dist/fonts/type1/
public/amsfonts/cm/cmsy7.pfb></usr/local/texlive/2021/texmf-dist/fonts/type1/ur
w/times/utmb8a.pfb></usr/local/texlive/2021/texmf-dist/fonts/type1/urw/times/ut
mr8a.pfb></usr/local/texlive/2021/texmf-dist/fonts/type1/urw/times/utmr8a.pfb><
/usr/local/texlive/2021/texmf-dist/fonts/type1/urw/times/utmri8a.pfb>
Output written on Rd2.pdf (28 pages, 175312 bytes).
Transcript written on Rd2.log.
This is makeindex, version 2.15 [TeX Live 2021] (kpathsea + Thai support).
Scanning input file Rd2.idx....done (35 entries accepted, 0 rejected).
Sorting entries....done (175 comparisons).
Generating output file Rd2.ind....done (75 lines written, 0 warnings).
Output written in Rd2.ind.
Transcript written in Rd2.ilg.
This is pdfTeX, Version 3.141592653-2.6-1.40.22 (TeX Live 2021) (preloaded format=pdflatex)
 restricted \write18 enabled.
entering extended mode
LaTeX2e <2020-10-01> patch level 4
L3 programming layer <2021-02-18> (./Rd2.tex
(/usr/local/texlive/2021/texmf-dist/tex/latex/base/book.cls
Document Class: book 2020/04/10 v1.4m Standard LaTeX document class
(/usr/local/texlive/2021/texmf-dist/tex/latex/base/bk10.clo))
(/Library/Frameworks/R.framework/Resources/share/texmf/tex/latex/Rd.sty
(/usr/local/texlive/2021/texmf-dist/tex/latex/base/ifthen.sty)
(/usr/local/texlive/2021/texmf-dist/tex/generic/iftex/iftex.sty)
(/usr/local/texlive/2021/texmf-dist/tex/latex/tools/longtable.sty)
(/usr/local/texlive/2021/texmf-dist/tex/latex/tools/bm.sty)
(/usr/local/texlive/2021/texmf-dist/tex/latex/base/alltt.sty)
(/usr/local/texlive/2021/texmf-dist/tex/latex/tools/verbatim.sty)
(/usr/local/texlive/2021/texmf-dist/tex/latex/url/url.sty)
(/usr/local/texlive/2021/texmf-dist/tex/latex/base/textcomp.sty)
(/usr/local/texlive/2021/texmf-dist/tex/latex/amsmath/amsmath.sty
For additional information on amsmath, use the `?' option.
(/usr/local/texlive/2021/texmf-dist/tex/latex/amsmath/amstext.sty
(/usr/local/texlive/2021/texmf-dist/tex/latex/amsmath/amsgen.sty))
(/usr/local/texlive/2021/texmf-dist/tex/latex/amsmath/amsbsy.sty)
(/usr/local/texlive/2021/texmf-dist/tex/latex/amsmath/amsopn.sty))
(/usr/local/texlive/2021/texmf-dist/tex/latex/amsfonts/amsfonts.sty)
(/usr/local/texlive/2021/texmf-dist/tex/latex/amsfonts/amssymb.sty)
(/usr/local/texlive/2021/texmf-dist/tex/latex/jknapltx/mathrsfs.sty)
(/usr/local/texlive/2021/texmf-dist/tex/latex/base/fontenc.sty)
(/usr/local/texlive/2021/texmf-dist/tex/latex/psnfss/times.sty)
(/usr/local/texlive/2021/texmf-dist/tex/latex/inconsolata/zi4.sty
`inconsolata-zi4' v1.12, 2019/05/17 Text macros for Inconsolata (msharpe)
(/usr/local/texlive/2021/texmf-dist/tex/latex/xkeyval/xkeyval.sty
(/usr/local/texlive/2021/texmf-dist/tex/generic/xkeyval/xkeyval.tex
(/usr/local/texlive/2021/texmf-dist/tex/generic/xkeyval/xkvutils.tex
(/usr/local/texlive/2021/texmf-dist/tex/generic/xkeyval/keyval.tex)))))
(/usr/local/texlive/2021/texmf-dist/tex/latex/graphics/color.sty
(/usr/local/texlive/2021/texmf-dist/tex/latex/graphics-cfg/color.cfg)
(/usr/local/texlive/2021/texmf-dist/tex/latex/graphics-def/pdftex.def))
(/usr/local/texlive/2021/texmf-dist/tex/latex/hyperref/hyperref.sty
(/usr/local/texlive/2021/texmf-dist/tex/generic/ltxcmds/ltxcmds.sty)
(/usr/local/texlive/2021/texmf-dist/tex/generic/pdftexcmds/pdftexcmds.sty
(/usr/local/texlive/2021/texmf-dist/tex/generic/infwarerr/infwarerr.sty))
(/usr/local/texlive/2021/texmf-dist/tex/generic/kvsetkeys/kvsetkeys.sty)
(/usr/local/texlive/2021/texmf-dist/tex/generic/kvdefinekeys/kvdefinekeys.sty)
(/usr/local/texlive/2021/texmf-dist/tex/generic/pdfescape/pdfescape.sty)
(/usr/local/texlive/2021/texmf-dist/tex/latex/hycolor/hycolor.sty)
(/usr/local/texlive/2021/texmf-dist/tex/latex/letltxmacro/letltxmacro.sty)
(/usr/local/texlive/2021/texmf-dist/tex/latex/auxhook/auxhook.sty)
(/usr/local/texlive/2021/texmf-dist/tex/latex/kvoptions/kvoptions.sty)
(/usr/local/texlive/2021/texmf-dist/tex/latex/hyperref/pd1enc.def)
(/usr/local/texlive/2021/texmf-dist/tex/latex/hyperref/hyperref-langpatches.def
) (/usr/local/texlive/2021/texmf-dist/tex/generic/intcalc/intcalc.sty)
(/usr/local/texlive/2021/texmf-dist/tex/generic/etexcmds/etexcmds.sty)
(/usr/local/texlive/2021/texmf-dist/tex/latex/hyperref/puenc.def)
(/usr/local/texlive/2021/texmf-dist/tex/generic/bitset/bitset.sty
(/usr/local/texlive/2021/texmf-dist/tex/generic/bigintcalc/bigintcalc.sty))
(/usr/local/texlive/2021/texmf-dist/tex/latex/base/atbegshi-ltx.sty))
(/usr/local/texlive/2021/texmf-dist/tex/latex/hyperref/hpdftex.def
(/usr/local/texlive/2021/texmf-dist/tex/latex/base/atveryend-ltx.sty)
(/usr/local/texlive/2021/texmf-dist/tex/latex/rerunfilecheck/rerunfilecheck.sty

(/usr/local/texlive/2021/texmf-dist/tex/generic/uniquecounter/uniquecounter.sty
)))) (/usr/local/texlive/2021/texmf-dist/tex/latex/base/makeidx.sty)
Writing index file Rd2.idx
(/usr/local/texlive/2021/texmf-dist/tex/latex/psnfss/t1ptm.fd)
(/usr/local/texlive/2021/texmf-dist/tex/latex/l3backend/l3backend-pdftex.def)
(/private/var/folders/tr/sybyd51n7jx27k9mvh563hq80000gq/T/RtmpovOPjU/Rd2pdf548c
427a0f93/Rd2.aux)
(/usr/local/texlive/2021/texmf-dist/tex/context/base/mkii/supp-pdf.mkii
[Loading MPS to PDF converter (version 2006.09.02).]
) (/usr/local/texlive/2021/texmf-dist/tex/latex/hyperref/nameref.sty
(/usr/local/texlive/2021/texmf-dist/tex/latex/refcount/refcount.sty)
(/usr/local/texlive/2021/texmf-dist/tex/generic/gettitlestring/gettitlestring.s
ty))
(/private/var/folders/tr/sybyd51n7jx27k9mvh563hq80000gq/T/RtmpovOPjU/Rd2pdf548c
427a0f93/Rd2.out)
(/private/var/folders/tr/sybyd51n7jx27k9mvh563hq80000gq/T/RtmpovOPjU/Rd2pdf548c
427a0f93/Rd2.out)
(/usr/local/texlive/2021/texmf-dist/tex/latex/inconsolata/t1zi4.fd)
Overfull \hbox (28.0598pt too wide) in paragraph at lines 21--22
\T1/ptm/m/n/10 realistic dataset. Our manuscript can be found at Thoma, I et al
: <doi.org/10.1371/journal.pdig.0000675>.  
(/usr/local/texlive/2021/texmf-dist/tex/latex/amsfonts/umsa.fd)
(/usr/local/texlive/2021/texmf-dist/tex/latex/amsfonts/umsb.fd)
(/usr/local/texlive/2021/texmf-dist/tex/latex/jknapltx/ursfs.fd)
(/private/var/folders/tr/sybyd51n7jx27k9mvh563hq80000gq/T/RtmpovOPjU/Rd2pdf548c
427a0f93/Rd2.toc [1{/usr/local/texlive/2021/texmf-var/fonts/map/pdftex/updmap/p
dftex.map}]) [2]
Overfull \hbox (1.39984pt too wide) in paragraph at lines 76--76
 []  \T1/zi4/m/n/10 cutoffs = seq(min(scores, na.rm = TRUE), max(scores, na.rm 
= TRUE), length = 100),[] 
[3]
Overfull \hbox (1.39984pt too wide) in paragraph at lines 131--131
 []  \T1/zi4/m/n/10 cutoffs = seq(min(scores, na.rm = TRUE), max(scores, na.rm 
= TRUE), length = 100),[] 
[4] [5] [6] (/usr/local/texlive/2021/texmf-dist/tex/latex/psnfss/ts1ptm.fd)
(/usr/local/texlive/2021/texmf-dist/tex/latex/inconsolata/ts1zi4.fd)
Overfull \hbox (698.92717pt too wide) in paragraph at lines 328--330
[]\T1/ptm/m/n/10 This can be in-ter-preted as: \T1/zi4/m/n/10 the distribution 
of values of Yhat amongst indivdiduals whose values of U  are distributed as th
ough they were in group \eqn{G=g} (and, optionally, had  values \eqn{X=x}, but 
whose value of \eqn{G} is \eqn{g\TS1/zi4/m/n/10 '\T1/zi4/m/n/10 } 
[7]
Overfull \hbox (5.25328pt too wide) in paragraph at lines 387--387
 []\T1/zi4/m/n/9 struct_Yhat=function(u,x,n) (runif(n,0,x) + runif(n,0,u))/2 # 
Yhat|X,N ~ (U(0,X) + U(0,U))/2[] 

Overfull \hbox (15.74715pt too wide) in paragraph at lines 401--401
 []\T1/zi4/m/n/9 #  struct_Yhat=function(u,x,n) (runif(n,0,1) + runif(n,0,u))/2
 # Yhat|X,N ~ (U(0,1) + U(0,U))/2[] 
[8]
Underfull \vbox (badness 10000) has occurred while \output is active [9]
[10] [11] [12] [13] [14] [15] [16] [17] [18] [19] [20] [21] [22] [23] [24]
[25] [26]
(/private/var/folders/tr/sybyd51n7jx27k9mvh563hq80000gq/T/RtmpovOPjU/Rd2pdf548c
427a0f93/Rd2.ind [27] [28])
(/private/var/folders/tr/sybyd51n7jx27k9mvh563hq80000gq/T/RtmpovOPjU/Rd2pdf548c
427a0f93/Rd2.aux) )
(see the transcript file for additional information){/usr/local/texlive/2021/te
xmf-dist/fonts/enc/dvips/inconsolata/i4-ts1.enc}{/usr/local/texlive/2021/texmf-
dist/fonts/enc/dvips/base/8r.enc}{/usr/local/texlive/2021/texmf-dist/fonts/enc/
dvips/inconsolata/i4-t1-0.enc}</usr/local/texlive/2021/texmf-dist/fonts/type1/p
ublic/inconsolata/Inconsolata-zi4r.pfb></usr/local/texlive/2021/texmf-dist/font
s/type1/public/amsfonts/cm/cmmi10.pfb></usr/local/texlive/2021/texmf-dist/fonts
/type1/public/amsfonts/cm/cmmi7.pfb></usr/local/texlive/2021/texmf-dist/fonts/t
ype1/public/amsfonts/cm/cmr10.pfb></usr/local/texlive/2021/texmf-dist/fonts/typ
e1/public/amsfonts/cm/cmsy10.pfb></usr/local/texlive/2021/texmf-dist/fonts/type
1/public/amsfonts/cm/cmsy5.pfb></usr/local/texlive/2021/texmf-dist/fonts/type1/
public/amsfonts/cm/cmsy7.pfb></usr/local/texlive/2021/texmf-dist/fonts/type1/ur
w/times/utmb8a.pfb></usr/local/texlive/2021/texmf-dist/fonts/type1/urw/times/ut
mr8a.pfb></usr/local/texlive/2021/texmf-dist/fonts/type1/urw/times/utmr8a.pfb><
/usr/local/texlive/2021/texmf-dist/fonts/type1/urw/times/utmri8a.pfb>
Output written on Rd2.pdf (28 pages, 176285 bytes).
Transcript written on Rd2.log.
Saving output to ‘SPARRAfairness-manual.pdf’ ...
Done
You may want to clean up by 'rm -Rf /var/folders/tr/sybyd51n7jx27k9mvh563hq80000gq/T//RtmpovOPjU/Rd2pdf548c427a0f93'
